---------------------------------------------------------------
[ 2018-04-26T01:15:53+08:00 ] 0.0.0.0 GET /alumni-information-management-system/thinkphp/public/
[ info ] localhost/alumni-information-management-system/thinkphp/public/ [运行时间：0.066763s][吞吐率：14.98req/s] [内存消耗：2,930.51kb] [文件加载：43]
[ info ] [ LANG ] F:\wamp64\www\Alumni-Information-Management-System\thinkphp\thinkphp\lang\zh-cn.php
[ info ] [ ROUTE ] array (
  'type' => 'module',
  'module' => 
  array (
    0 => '',
    1 => NULL,
    2 => NULL,
  ),
)
[ info ] [ HEADER ] array (
  'host' => 'localhost',
  'connection' => 'keep-alive',
  'cache-control' => 'max-age=0',
  'upgrade-insecure-requests' => '1',
  'user-agent' => 'Mozilla/5.0 (Windows NT 10.0; WOW64) AppleWebKit/537.36 (KHTML, like Gecko) Chrome/64.0.3282.140 Safari/537.36',
  'accept' => 'text/html,application/xhtml+xml,application/xml;q=0.9,image/webp,image/apng,*/*;q=0.8',
  'referer' => 'http://localhost/alumni-information-management-system/thinkphp/',
  'accept-encoding' => 'gzip, deflate, br',
  'accept-language' => 'zh-CN,zh;q=0.9',
  'cookie' => 'thinkphp_show_page_trace=1|3; Pycharm-3c27b255=758644e6-66a7-43ac-a1e6-b5cf90d41d40; Phpstorm-2ff07fb5=a9cc260e-76e5-4e5a-b424-27dbba5d00a9; pgv_pvi=2786627584; Webstorm-91e85a91=b3456f5f-9874-464a-ace1-4c3dad1a9282; style=blue; Pycharm-fbffa496=bfd583b2-c7f9-47f9-89d1-9cf84c4df33f; _xsrf=2|4d943906|0e287e338fb404366ab6d915c255845f|1522329368; PHPSESSID=2sbqdj86thdu7umaab5tuonsu7; username-localhost-8888="2|1:0|10:1524571512|23:username-localhost-8888|44:YzNiNzIwMGRkYzYxNDljYWE4OGZhZWU0Y2M5MjViODg=|40c2668f18e96aa68729e5db8fff0cb7bcd2353b0dbed2239d8ad0255b838c51"',
)
[ info ] [ PARAM ] array (
)
[ info ] [ RUN ] app\index\controller\Index->index[ F:\wamp64\www\Alumni-Information-Management-System\thinkphp\application\index\controller\Index.php ]
[ info ] [ SESSION ] INIT array (
  'id' => '',
  'var_session_id' => '',
  'prefix' => 'think',
  'type' => '',
  'auto_start' => true,
)
[ info ] [ VIEW ] F:\wamp64\www\Alumni-Information-Management-System\thinkphp\public/../application/index\view\index\loadpage.html [ array (
) ]
[ info ] [ LOG ] INIT File
[ error ] [4]语法错误: unexpected 'name' (T_STRING)[F:\wamp64\www\Alumni-Information-Management-System\thinkphp\runtime\temp\2527369516fd71b6c35b5558576b3d06.php:54]
---------------------------------------------------------------
[ 2018-04-26T01:15:53+08:00 ] 0.0.0.0 GET /alumni-information-management-system/thinkphp/public/
[ info ] localhost/alumni-information-management-system/thinkphp/public/ [运行时间：0.065529s][吞吐率：15.26req/s] [内存消耗：2,675.27kb] [文件加载：41]
[ info ] [ LANG ] F:\wamp64\www\Alumni-Information-Management-System\thinkphp\thinkphp\lang\zh-cn.php
[ info ] [ ROUTE ] array (
  'type' => 'module',
  'module' => 
  array (
    0 => '',
    1 => NULL,
    2 => NULL,
  ),
)
[ info ] [ HEADER ] array (
  'host' => 'localhost',
  'connection' => 'keep-alive',
  'cache-control' => 'max-age=0',
  'upgrade-insecure-requests' => '1',
  'user-agent' => 'Mozilla/5.0 (Windows NT 10.0; WOW64) AppleWebKit/537.36 (KHTML, like Gecko) Chrome/64.0.3282.140 Safari/537.36',
  'accept' => 'text/html,application/xhtml+xml,application/xml;q=0.9,image/webp,image/apng,*/*;q=0.8',
  'referer' => 'http://localhost/alumni-information-management-system/thinkphp/',
  'accept-encoding' => 'gzip, deflate, br',
  'accept-language' => 'zh-CN,zh;q=0.9',
  'cookie' => 'thinkphp_show_page_trace=1|3; Pycharm-3c27b255=758644e6-66a7-43ac-a1e6-b5cf90d41d40; Phpstorm-2ff07fb5=a9cc260e-76e5-4e5a-b424-27dbba5d00a9; pgv_pvi=2786627584; Webstorm-91e85a91=b3456f5f-9874-464a-ace1-4c3dad1a9282; style=blue; Pycharm-fbffa496=bfd583b2-c7f9-47f9-89d1-9cf84c4df33f; _xsrf=2|4d943906|0e287e338fb404366ab6d915c255845f|1522329368; PHPSESSID=2sbqdj86thdu7umaab5tuonsu7; username-localhost-8888="2|1:0|10:1524571512|23:username-localhost-8888|44:YzNiNzIwMGRkYzYxNDljYWE4OGZhZWU0Y2M5MjViODg=|40c2668f18e96aa68729e5db8fff0cb7bcd2353b0dbed2239d8ad0255b838c51"',
)
[ info ] [ PARAM ] array (
)
[ info ] [ RUN ] app\index\controller\Index->index[ F:\wamp64\www\Alumni-Information-Management-System\thinkphp\application\index\controller\Index.php ]
[ info ] [ SESSION ] INIT array (
  'id' => '',
  'var_session_id' => '',
  'prefix' => 'think',
  'type' => '',
  'auto_start' => true,
)
[ info ] [ VIEW ] F:\wamp64\www\Alumni-Information-Management-System\thinkphp\public/../application/index\view\index\loadpage.html [ array (
) ]
[ info ] [ LOG ] INIT File
[ error ] [4]语法错误: unexpected 'name' (T_STRING)[F:\wamp64\www\Alumni-Information-Management-System\thinkphp\runtime\temp\2527369516fd71b6c35b5558576b3d06.php:54]
---------------------------------------------------------------
[ 2018-04-26T01:15:55+08:00 ] 0.0.0.0 GET /alumni-information-management-system/thinkphp/public/
[ info ] localhost/alumni-information-management-system/thinkphp/public/ [运行时间：0.058992s][吞吐率：16.95req/s] [内存消耗：2,675.27kb] [文件加载：41]
[ info ] [ LANG ] F:\wamp64\www\Alumni-Information-Management-System\thinkphp\thinkphp\lang\zh-cn.php
[ info ] [ ROUTE ] array (
  'type' => 'module',
  'module' => 
  array (
    0 => '',
    1 => NULL,
    2 => NULL,
  ),
)
[ info ] [ HEADER ] array (
  'host' => 'localhost',
  'connection' => 'keep-alive',
  'cache-control' => 'max-age=0',
  'upgrade-insecure-requests' => '1',
  'user-agent' => 'Mozilla/5.0 (Windows NT 10.0; WOW64) AppleWebKit/537.36 (KHTML, like Gecko) Chrome/64.0.3282.140 Safari/537.36',
  'accept' => 'text/html,application/xhtml+xml,application/xml;q=0.9,image/webp,image/apng,*/*;q=0.8',
  'referer' => 'http://localhost/alumni-information-management-system/thinkphp/',
  'accept-encoding' => 'gzip, deflate, br',
  'accept-language' => 'zh-CN,zh;q=0.9',
  'cookie' => 'thinkphp_show_page_trace=1|3; Pycharm-3c27b255=758644e6-66a7-43ac-a1e6-b5cf90d41d40; Phpstorm-2ff07fb5=a9cc260e-76e5-4e5a-b424-27dbba5d00a9; pgv_pvi=2786627584; Webstorm-91e85a91=b3456f5f-9874-464a-ace1-4c3dad1a9282; style=blue; Pycharm-fbffa496=bfd583b2-c7f9-47f9-89d1-9cf84c4df33f; _xsrf=2|4d943906|0e287e338fb404366ab6d915c255845f|1522329368; PHPSESSID=2sbqdj86thdu7umaab5tuonsu7; username-localhost-8888="2|1:0|10:1524571512|23:username-localhost-8888|44:YzNiNzIwMGRkYzYxNDljYWE4OGZhZWU0Y2M5MjViODg=|40c2668f18e96aa68729e5db8fff0cb7bcd2353b0dbed2239d8ad0255b838c51"',
)
[ info ] [ PARAM ] array (
)
[ info ] [ RUN ] app\index\controller\Index->index[ F:\wamp64\www\Alumni-Information-Management-System\thinkphp\application\index\controller\Index.php ]
[ info ] [ SESSION ] INIT array (
  'id' => '',
  'var_session_id' => '',
  'prefix' => 'think',
  'type' => '',
  'auto_start' => true,
)
[ info ] [ VIEW ] F:\wamp64\www\Alumni-Information-Management-System\thinkphp\public/../application/index\view\index\loadpage.html [ array (
) ]
[ info ] [ LOG ] INIT File
[ error ] [4]语法错误: unexpected 'name' (T_STRING)[F:\wamp64\www\Alumni-Information-Management-System\thinkphp\runtime\temp\2527369516fd71b6c35b5558576b3d06.php:54]
---------------------------------------------------------------
[ 2018-04-26T01:16:48+08:00 ] 0.0.0.0 GET /alumni-information-management-system/thinkphp/public/
[ info ] localhost/alumni-information-management-system/thinkphp/public/ [运行时间：0.058648s][吞吐率：17.05req/s] [内存消耗：2,946.30kb] [文件加载：41]
[ info ] [ LANG ] F:\wamp64\www\Alumni-Information-Management-System\thinkphp\thinkphp\lang\zh-cn.php
[ info ] [ ROUTE ] array (
  'type' => 'module',
  'module' => 
  array (
    0 => '',
    1 => NULL,
    2 => NULL,
  ),
)
[ info ] [ HEADER ] array (
  'host' => 'localhost',
  'connection' => 'keep-alive',
  'cache-control' => 'max-age=0',
  'upgrade-insecure-requests' => '1',
  'user-agent' => 'Mozilla/5.0 (Windows NT 10.0; WOW64) AppleWebKit/537.36 (KHTML, like Gecko) Chrome/64.0.3282.140 Safari/537.36',
  'accept' => 'text/html,application/xhtml+xml,application/xml;q=0.9,image/webp,image/apng,*/*;q=0.8',
  'referer' => 'http://localhost/alumni-information-management-system/thinkphp/',
  'accept-encoding' => 'gzip, deflate, br',
  'accept-language' => 'zh-CN,zh;q=0.9',
  'cookie' => 'thinkphp_show_page_trace=1|3; Pycharm-3c27b255=758644e6-66a7-43ac-a1e6-b5cf90d41d40; Phpstorm-2ff07fb5=a9cc260e-76e5-4e5a-b424-27dbba5d00a9; pgv_pvi=2786627584; Webstorm-91e85a91=b3456f5f-9874-464a-ace1-4c3dad1a9282; style=blue; Pycharm-fbffa496=bfd583b2-c7f9-47f9-89d1-9cf84c4df33f; _xsrf=2|4d943906|0e287e338fb404366ab6d915c255845f|1522329368; PHPSESSID=2sbqdj86thdu7umaab5tuonsu7; username-localhost-8888="2|1:0|10:1524571512|23:username-localhost-8888|44:YzNiNzIwMGRkYzYxNDljYWE4OGZhZWU0Y2M5MjViODg=|40c2668f18e96aa68729e5db8fff0cb7bcd2353b0dbed2239d8ad0255b838c51"',
)
[ info ] [ PARAM ] array (
)
[ info ] [ RUN ] app\index\controller\Index->index[ F:\wamp64\www\Alumni-Information-Management-System\thinkphp\application\index\controller\Index.php ]
[ info ] [ SESSION ] INIT array (
  'id' => '',
  'var_session_id' => '',
  'prefix' => 'think',
  'type' => '',
  'auto_start' => true,
)
[ info ] [ VIEW ] F:\wamp64\www\Alumni-Information-Management-System\thinkphp\public/../application/index\view\index\loadpage.html [ array (
) ]
[ info ] [ LOG ] INIT File
---------------------------------------------------------------
[ 2018-04-26T01:17:14+08:00 ] 0.0.0.0 GET /alumni-information-management-system/thinkphp/public/
[ info ] localhost/alumni-information-management-system/thinkphp/public/ [运行时间：0.047094s][吞吐率：21.23req/s] [内存消耗：2,691.27kb] [文件加载：39]
[ info ] [ LANG ] F:\wamp64\www\Alumni-Information-Management-System\thinkphp\thinkphp\lang\zh-cn.php
[ info ] [ ROUTE ] array (
  'type' => 'module',
  'module' => 
  array (
    0 => '',
    1 => NULL,
    2 => NULL,
  ),
)
[ info ] [ HEADER ] array (
  'host' => 'localhost',
  'connection' => 'keep-alive',
  'cache-control' => 'max-age=0',
  'upgrade-insecure-requests' => '1',
  'user-agent' => 'Mozilla/5.0 (Windows NT 10.0; WOW64) AppleWebKit/537.36 (KHTML, like Gecko) Chrome/64.0.3282.140 Safari/537.36',
  'accept' => 'text/html,application/xhtml+xml,application/xml;q=0.9,image/webp,image/apng,*/*;q=0.8',
  'referer' => 'http://localhost/alumni-information-management-system/thinkphp/',
  'accept-encoding' => 'gzip, deflate, br',
  'accept-language' => 'zh-CN,zh;q=0.9',
  'cookie' => 'thinkphp_show_page_trace=0|3; Pycharm-3c27b255=758644e6-66a7-43ac-a1e6-b5cf90d41d40; Phpstorm-2ff07fb5=a9cc260e-76e5-4e5a-b424-27dbba5d00a9; pgv_pvi=2786627584; Webstorm-91e85a91=b3456f5f-9874-464a-ace1-4c3dad1a9282; style=blue; Pycharm-fbffa496=bfd583b2-c7f9-47f9-89d1-9cf84c4df33f; _xsrf=2|4d943906|0e287e338fb404366ab6d915c255845f|1522329368; PHPSESSID=2sbqdj86thdu7umaab5tuonsu7; username-localhost-8888="2|1:0|10:1524571512|23:username-localhost-8888|44:YzNiNzIwMGRkYzYxNDljYWE4OGZhZWU0Y2M5MjViODg=|40c2668f18e96aa68729e5db8fff0cb7bcd2353b0dbed2239d8ad0255b838c51"',
)
[ info ] [ PARAM ] array (
)
[ info ] [ RUN ] app\index\controller\Index->index[ F:\wamp64\www\Alumni-Information-Management-System\thinkphp\application\index\controller\Index.php ]
[ info ] [ SESSION ] INIT array (
  'id' => '',
  'var_session_id' => '',
  'prefix' => 'think',
  'type' => '',
  'auto_start' => true,
)
[ info ] [ VIEW ] F:\wamp64\www\Alumni-Information-Management-System\thinkphp\public/../application/index\view\index\loadpage.html [ array (
) ]
[ info ] [ LOG ] INIT File
---------------------------------------------------------------
[ 2018-04-26T01:17:23+08:00 ] 0.0.0.0 POST /alumni-information-management-system/thinkphp/public/index/index/login.html
[ info ] localhost/alumni-information-management-system/thinkphp/public/index/index/login.html [运行时间：0.086955s][吞吐率：11.50req/s] [内存消耗：4,214.19kb] [文件加载：46]
[ info ] [ LANG ] F:\wamp64\www\Alumni-Information-Management-System\thinkphp\thinkphp\lang\zh-cn.php
[ info ] [ ROUTE ] array (
  'type' => 'module',
  'module' => 
  array (
    0 => 'index',
    1 => 'index',
    2 => 'login',
  ),
)
[ info ] [ HEADER ] array (
  'host' => 'localhost',
  'connection' => 'keep-alive',
  'content-length' => '25',
  'cache-control' => 'max-age=0',
  'origin' => 'http://localhost',
  'upgrade-insecure-requests' => '1',
  'content-type' => 'application/x-www-form-urlencoded',
  'user-agent' => 'Mozilla/5.0 (Windows NT 10.0; WOW64) AppleWebKit/537.36 (KHTML, like Gecko) Chrome/64.0.3282.140 Safari/537.36',
  'accept' => 'text/html,application/xhtml+xml,application/xml;q=0.9,image/webp,image/apng,*/*;q=0.8',
  'referer' => 'http://localhost/alumni-information-management-system/thinkphp/public/',
  'accept-encoding' => 'gzip, deflate, br',
  'accept-language' => 'zh-CN,zh;q=0.9',
  'cookie' => 'thinkphp_show_page_trace=0|0; thinkphp_show_page_trace=0|3; Pycharm-3c27b255=758644e6-66a7-43ac-a1e6-b5cf90d41d40; Phpstorm-2ff07fb5=a9cc260e-76e5-4e5a-b424-27dbba5d00a9; pgv_pvi=2786627584; Webstorm-91e85a91=b3456f5f-9874-464a-ace1-4c3dad1a9282; style=blue; Pycharm-fbffa496=bfd583b2-c7f9-47f9-89d1-9cf84c4df33f; _xsrf=2|4d943906|0e287e338fb404366ab6d915c255845f|1522329368; PHPSESSID=2sbqdj86thdu7umaab5tuonsu7; username-localhost-8888="2|1:0|10:1524571512|23:username-localhost-8888|44:YzNiNzIwMGRkYzYxNDljYWE4OGZhZWU0Y2M5MjViODg=|40c2668f18e96aa68729e5db8fff0cb7bcd2353b0dbed2239d8ad0255b838c51"',
)
[ info ] [ PARAM ] array (
  'id' => '0000',
  'password' => '00000000',
)
[ info ] [ RUN ] app\index\controller\Index->login[ F:\wamp64\www\Alumni-Information-Management-System\thinkphp\application\index\controller\Index.php ]
[ info ] [ DB ] INIT mysql
[ info ] [ SESSION ] INIT array (
  'id' => '',
  'var_session_id' => '',
  'prefix' => 'think',
  'type' => '',
  'auto_start' => true,
)
[ info ] [ VIEW ] F:\wamp64\www\Alumni-Information-Management-System\thinkphp\thinkphp\tpl\dispatch_jump.tpl [ array (
  0 => 'code',
  1 => 'msg',
  2 => 'data',
  3 => 'url',
  4 => 'wait',
) ]
[ info ] [ LOG ] INIT File
[ sql ] [ DB ] CONNECT:[ UseTime:0.011110s ] mysql:host=127.0.0.1;dbname=thinkphp;charset=utf8
[ sql ] [ SQL ] SHOW COLUMNS FROM `users` [ RunTime:0.004200s ]
[ sql ] [ SQL ] SELECT * FROM `users` WHERE  `id` = '0000' [ RunTime:0.000797s ]
---------------------------------------------------------------
[ 2018-04-26T01:17:25+08:00 ] 0.0.0.0 GET /Alumni-Information-Management-System/thinkphp/public/index/index/index.html
[ info ] localhost/Alumni-Information-Management-System/thinkphp/public/index/index/index.html [运行时间：0.051250s][吞吐率：19.51req/s] [内存消耗：2,692.08kb] [文件加载：39]
[ info ] [ LANG ] F:\wamp64\www\Alumni-Information-Management-System\thinkphp\thinkphp\lang\zh-cn.php
[ info ] [ ROUTE ] array (
  'type' => 'module',
  'module' => 
  array (
    0 => 'index',
    1 => 'index',
    2 => 'index',
  ),
)
[ info ] [ HEADER ] array (
  'host' => 'localhost',
  'connection' => 'keep-alive',
  'upgrade-insecure-requests' => '1',
  'user-agent' => 'Mozilla/5.0 (Windows NT 10.0; WOW64) AppleWebKit/537.36 (KHTML, like Gecko) Chrome/64.0.3282.140 Safari/537.36',
  'accept' => 'text/html,application/xhtml+xml,application/xml;q=0.9,image/webp,image/apng,*/*;q=0.8',
  'referer' => 'http://localhost/alumni-information-management-system/thinkphp/public/index/index/login.html',
  'accept-encoding' => 'gzip, deflate, br',
  'accept-language' => 'zh-CN,zh;q=0.9',
  'cookie' => 'thinkphp_show_page_trace=0|0; Pycharm-3c27b255=758644e6-66a7-43ac-a1e6-b5cf90d41d40; Phpstorm-2ff07fb5=a9cc260e-76e5-4e5a-b424-27dbba5d00a9; pgv_pvi=2786627584; Webstorm-91e85a91=b3456f5f-9874-464a-ace1-4c3dad1a9282; style=blue; Pycharm-fbffa496=bfd583b2-c7f9-47f9-89d1-9cf84c4df33f; _xsrf=2|4d943906|0e287e338fb404366ab6d915c255845f|1522329368; PHPSESSID=2sbqdj86thdu7umaab5tuonsu7; username-localhost-8888="2|1:0|10:1524571512|23:username-localhost-8888|44:YzNiNzIwMGRkYzYxNDljYWE4OGZhZWU0Y2M5MjViODg=|40c2668f18e96aa68729e5db8fff0cb7bcd2353b0dbed2239d8ad0255b838c51"',
)
[ info ] [ PARAM ] array (
)
[ info ] [ RUN ] app\index\controller\Index->index[ F:\wamp64\www\Alumni-Information-Management-System\thinkphp\application\index\controller\Index.php ]
[ info ] [ SESSION ] INIT array (
  'id' => '',
  'var_session_id' => '',
  'prefix' => 'think',
  'type' => '',
  'auto_start' => true,
)
[ info ] [ VIEW ] F:\wamp64\www\Alumni-Information-Management-System\thinkphp\public/../application/index\view\index\loadpage.html [ array (
) ]
[ info ] [ LOG ] INIT File
---------------------------------------------------------------
[ 2018-04-26T01:18:50+08:00 ] 0.0.0.0 GET /Alumni-Information-Management-System/thinkphp/public/index/index/index.html
[ info ] localhost/Alumni-Information-Management-System/thinkphp/public/index/index/index.html [运行时间：0.061734s][吞吐率：16.20req/s] [内存消耗：2,950.37kb] [文件加载：41]
[ info ] [ LANG ] F:\wamp64\www\Alumni-Information-Management-System\thinkphp\thinkphp\lang\zh-cn.php
[ info ] [ ROUTE ] array (
  'type' => 'module',
  'module' => 
  array (
    0 => 'index',
    1 => 'index',
    2 => 'index',
  ),
)
[ info ] [ HEADER ] array (
  'host' => 'localhost',
  'connection' => 'keep-alive',
  'cache-control' => 'max-age=0',
  'upgrade-insecure-requests' => '1',
  'user-agent' => 'Mozilla/5.0 (Windows NT 10.0; WOW64) AppleWebKit/537.36 (KHTML, like Gecko) Chrome/64.0.3282.140 Safari/537.36',
  'accept' => 'text/html,application/xhtml+xml,application/xml;q=0.9,image/webp,image/apng,*/*;q=0.8',
  'referer' => 'http://localhost/alumni-information-management-system/thinkphp/public/index/index/login.html',
  'accept-encoding' => 'gzip, deflate, br',
  'accept-language' => 'zh-CN,zh;q=0.9',
  'cookie' => 'thinkphp_show_page_trace=0|0; Pycharm-3c27b255=758644e6-66a7-43ac-a1e6-b5cf90d41d40; Phpstorm-2ff07fb5=a9cc260e-76e5-4e5a-b424-27dbba5d00a9; pgv_pvi=2786627584; Webstorm-91e85a91=b3456f5f-9874-464a-ace1-4c3dad1a9282; style=blue; Pycharm-fbffa496=bfd583b2-c7f9-47f9-89d1-9cf84c4df33f; _xsrf=2|4d943906|0e287e338fb404366ab6d915c255845f|1522329368; PHPSESSID=2sbqdj86thdu7umaab5tuonsu7; username-localhost-8888="2|1:0|10:1524571512|23:username-localhost-8888|44:YzNiNzIwMGRkYzYxNDljYWE4OGZhZWU0Y2M5MjViODg=|40c2668f18e96aa68729e5db8fff0cb7bcd2353b0dbed2239d8ad0255b838c51"',
)
[ info ] [ PARAM ] array (
)
[ info ] [ RUN ] app\index\controller\Index->index[ F:\wamp64\www\Alumni-Information-Management-System\thinkphp\application\index\controller\Index.php ]
[ info ] [ SESSION ] INIT array (
  'id' => '',
  'var_session_id' => '',
  'prefix' => 'think',
  'type' => '',
  'auto_start' => true,
)
[ info ] [ VIEW ] F:\wamp64\www\Alumni-Information-Management-System\thinkphp\public/../application/index\view\index\dongtai.html [ array (
  0 => 'username',
) ]
[ info ] [ LOG ] INIT File
---------------------------------------------------------------
[ 2018-04-26T01:18:51+08:00 ] 0.0.0.0 GET /Alumni-Information-Management-System/thinkphp/public/index/index/index.html
[ info ] localhost/Alumni-Information-Management-System/thinkphp/public/index/index/index.html [运行时间：0.061002s][吞吐率：16.39req/s] [内存消耗：2,692.86kb] [文件加载：39]
[ info ] [ LANG ] F:\wamp64\www\Alumni-Information-Management-System\thinkphp\thinkphp\lang\zh-cn.php
[ info ] [ ROUTE ] array (
  'type' => 'module',
  'module' => 
  array (
    0 => 'index',
    1 => 'index',
    2 => 'index',
  ),
)
[ info ] [ HEADER ] array (
  'host' => 'localhost',
  'connection' => 'keep-alive',
  'cache-control' => 'max-age=0',
  'upgrade-insecure-requests' => '1',
  'user-agent' => 'Mozilla/5.0 (Windows NT 10.0; WOW64) AppleWebKit/537.36 (KHTML, like Gecko) Chrome/64.0.3282.140 Safari/537.36',
  'accept' => 'text/html,application/xhtml+xml,application/xml;q=0.9,image/webp,image/apng,*/*;q=0.8',
  'referer' => 'http://localhost/alumni-information-management-system/thinkphp/public/index/index/login.html',
  'accept-encoding' => 'gzip, deflate, br',
  'accept-language' => 'zh-CN,zh;q=0.9',
  'cookie' => 'thinkphp_show_page_trace=0|0; Pycharm-3c27b255=758644e6-66a7-43ac-a1e6-b5cf90d41d40; Phpstorm-2ff07fb5=a9cc260e-76e5-4e5a-b424-27dbba5d00a9; pgv_pvi=2786627584; Webstorm-91e85a91=b3456f5f-9874-464a-ace1-4c3dad1a9282; style=blue; Pycharm-fbffa496=bfd583b2-c7f9-47f9-89d1-9cf84c4df33f; _xsrf=2|4d943906|0e287e338fb404366ab6d915c255845f|1522329368; PHPSESSID=2sbqdj86thdu7umaab5tuonsu7; username-localhost-8888="2|1:0|10:1524571512|23:username-localhost-8888|44:YzNiNzIwMGRkYzYxNDljYWE4OGZhZWU0Y2M5MjViODg=|40c2668f18e96aa68729e5db8fff0cb7bcd2353b0dbed2239d8ad0255b838c51"',
)
[ info ] [ PARAM ] array (
)
[ info ] [ RUN ] app\index\controller\Index->index[ F:\wamp64\www\Alumni-Information-Management-System\thinkphp\application\index\controller\Index.php ]
[ info ] [ SESSION ] INIT array (
  'id' => '',
  'var_session_id' => '',
  'prefix' => 'think',
  'type' => '',
  'auto_start' => true,
)
[ info ] [ VIEW ] F:\wamp64\www\Alumni-Information-Management-System\thinkphp\public/../application/index\view\index\dongtai.html [ array (
  0 => 'username',
) ]
[ info ] [ LOG ] INIT File
---------------------------------------------------------------
[ 2018-04-26T01:18:56+08:00 ] 0.0.0.0 GET /Alumni-Information-Management-System/thinkphp/public/index/index/dongtai.html
[ info ] localhost/Alumni-Information-Management-System/thinkphp/public/index/index/dongtai.html [运行时间：0.048686s][吞吐率：20.54req/s] [内存消耗：2,691.84kb] [文件加载：39]
[ info ] [ LANG ] F:\wamp64\www\Alumni-Information-Management-System\thinkphp\thinkphp\lang\zh-cn.php
[ info ] [ ROUTE ] array (
  'type' => 'module',
  'module' => 
  array (
    0 => 'index',
    1 => 'index',
    2 => 'dongtai',
  ),
)
[ info ] [ HEADER ] array (
  'host' => 'localhost',
  'connection' => 'keep-alive',
  'upgrade-insecure-requests' => '1',
  'user-agent' => 'Mozilla/5.0 (Windows NT 10.0; WOW64) AppleWebKit/537.36 (KHTML, like Gecko) Chrome/64.0.3282.140 Safari/537.36',
  'accept' => 'text/html,application/xhtml+xml,application/xml;q=0.9,image/webp,image/apng,*/*;q=0.8',
  'referer' => 'http://localhost/Alumni-Information-Management-System/thinkphp/public/index/index/index.html',
  'accept-encoding' => 'gzip, deflate, br',
  'accept-language' => 'zh-CN,zh;q=0.9',
  'cookie' => 'thinkphp_show_page_trace=0|0; Pycharm-3c27b255=758644e6-66a7-43ac-a1e6-b5cf90d41d40; Phpstorm-2ff07fb5=a9cc260e-76e5-4e5a-b424-27dbba5d00a9; pgv_pvi=2786627584; Webstorm-91e85a91=b3456f5f-9874-464a-ace1-4c3dad1a9282; style=blue; Pycharm-fbffa496=bfd583b2-c7f9-47f9-89d1-9cf84c4df33f; _xsrf=2|4d943906|0e287e338fb404366ab6d915c255845f|1522329368; PHPSESSID=2sbqdj86thdu7umaab5tuonsu7; username-localhost-8888="2|1:0|10:1524571512|23:username-localhost-8888|44:YzNiNzIwMGRkYzYxNDljYWE4OGZhZWU0Y2M5MjViODg=|40c2668f18e96aa68729e5db8fff0cb7bcd2353b0dbed2239d8ad0255b838c51"',
)
[ info ] [ PARAM ] array (
)
[ info ] [ RUN ] app\index\controller\Index->dongtai[ F:\wamp64\www\Alumni-Information-Management-System\thinkphp\application\index\controller\Index.php ]
[ info ] [ VIEW ] F:\wamp64\www\Alumni-Information-Management-System\thinkphp\public/../application/index\view\index\dongtai.html [ array (
) ]
[ info ] [ SESSION ] INIT array (
  'id' => '',
  'var_session_id' => '',
  'prefix' => 'think',
  'type' => '',
  'auto_start' => true,
)
[ info ] [ LOG ] INIT File
---------------------------------------------------------------
[ 2018-04-26T01:18:57+08:00 ] 0.0.0.0 GET /Alumni-Information-Management-System/thinkphp/public/index/index/info.html
[ info ] localhost/Alumni-Information-Management-System/thinkphp/public/index/index/info.html [运行时间：0.070563s][吞吐率：14.17req/s] [内存消耗：4,264.32kb] [文件加载：46]
[ info ] [ LANG ] F:\wamp64\www\Alumni-Information-Management-System\thinkphp\thinkphp\lang\zh-cn.php
[ info ] [ ROUTE ] array (
  'type' => 'module',
  'module' => 
  array (
    0 => 'index',
    1 => 'index',
    2 => 'info',
  ),
)
[ info ] [ HEADER ] array (
  'host' => 'localhost',
  'connection' => 'keep-alive',
  'upgrade-insecure-requests' => '1',
  'user-agent' => 'Mozilla/5.0 (Windows NT 10.0; WOW64) AppleWebKit/537.36 (KHTML, like Gecko) Chrome/64.0.3282.140 Safari/537.36',
  'accept' => 'text/html,application/xhtml+xml,application/xml;q=0.9,image/webp,image/apng,*/*;q=0.8',
  'referer' => 'http://localhost/Alumni-Information-Management-System/thinkphp/public/index/index/dongtai.html',
  'accept-encoding' => 'gzip, deflate, br',
  'accept-language' => 'zh-CN,zh;q=0.9',
  'cookie' => 'thinkphp_show_page_trace=0|0; Pycharm-3c27b255=758644e6-66a7-43ac-a1e6-b5cf90d41d40; Phpstorm-2ff07fb5=a9cc260e-76e5-4e5a-b424-27dbba5d00a9; pgv_pvi=2786627584; Webstorm-91e85a91=b3456f5f-9874-464a-ace1-4c3dad1a9282; style=blue; Pycharm-fbffa496=bfd583b2-c7f9-47f9-89d1-9cf84c4df33f; _xsrf=2|4d943906|0e287e338fb404366ab6d915c255845f|1522329368; PHPSESSID=2sbqdj86thdu7umaab5tuonsu7; username-localhost-8888="2|1:0|10:1524571512|23:username-localhost-8888|44:YzNiNzIwMGRkYzYxNDljYWE4OGZhZWU0Y2M5MjViODg=|40c2668f18e96aa68729e5db8fff0cb7bcd2353b0dbed2239d8ad0255b838c51"',
)
[ info ] [ PARAM ] array (
)
[ info ] [ RUN ] app\index\controller\Index->info[ F:\wamp64\www\Alumni-Information-Management-System\thinkphp\application\index\controller\Index.php ]
[ info ] [ SESSION ] INIT array (
  'id' => '',
  'var_session_id' => '',
  'prefix' => 'think',
  'type' => '',
  'auto_start' => true,
)
[ info ] [ DB ] INIT mysql
[ info ] [ VIEW ] F:\wamp64\www\Alumni-Information-Management-System\thinkphp\public/../application/index\view\index\information.html [ array (
  0 => 'list',
  1 => 'username',
) ]
[ info ] [ LOG ] INIT File
[ sql ] [ DB ] CONNECT:[ UseTime:0.004199s ] mysql:host=127.0.0.1;dbname=thinkphp;charset=utf8
[ sql ] [ SQL ] SHOW COLUMNS FROM `userinfo` [ RunTime:0.006813s ]
[ sql ] [ SQL ] SELECT * FROM `userinfo` WHERE  `学号` = '0000' [ RunTime:0.001330s ]
---------------------------------------------------------------
[ 2018-04-26T01:18:58+08:00 ] 0.0.0.0 GET /Alumni-Information-Management-System/thinkphp/public/index/index/huodong.html
[ info ] localhost/Alumni-Information-Management-System/thinkphp/public/index/index/huodong.html [运行时间：0.074518s][吞吐率：13.42req/s] [内存消耗：2,949.25kb] [文件加载：41]
[ info ] [ LANG ] F:\wamp64\www\Alumni-Information-Management-System\thinkphp\thinkphp\lang\zh-cn.php
[ info ] [ ROUTE ] array (
  'type' => 'module',
  'module' => 
  array (
    0 => 'index',
    1 => 'index',
    2 => 'huodong',
  ),
)
[ info ] [ HEADER ] array (
  'host' => 'localhost',
  'connection' => 'keep-alive',
  'upgrade-insecure-requests' => '1',
  'user-agent' => 'Mozilla/5.0 (Windows NT 10.0; WOW64) AppleWebKit/537.36 (KHTML, like Gecko) Chrome/64.0.3282.140 Safari/537.36',
  'accept' => 'text/html,application/xhtml+xml,application/xml;q=0.9,image/webp,image/apng,*/*;q=0.8',
  'referer' => 'http://localhost/Alumni-Information-Management-System/thinkphp/public/index/index/info.html',
  'accept-encoding' => 'gzip, deflate, br',
  'accept-language' => 'zh-CN,zh;q=0.9',
  'cookie' => 'thinkphp_show_page_trace=0|0; Pycharm-3c27b255=758644e6-66a7-43ac-a1e6-b5cf90d41d40; Phpstorm-2ff07fb5=a9cc260e-76e5-4e5a-b424-27dbba5d00a9; pgv_pvi=2786627584; Webstorm-91e85a91=b3456f5f-9874-464a-ace1-4c3dad1a9282; style=blue; Pycharm-fbffa496=bfd583b2-c7f9-47f9-89d1-9cf84c4df33f; _xsrf=2|4d943906|0e287e338fb404366ab6d915c255845f|1522329368; PHPSESSID=2sbqdj86thdu7umaab5tuonsu7; username-localhost-8888="2|1:0|10:1524571512|23:username-localhost-8888|44:YzNiNzIwMGRkYzYxNDljYWE4OGZhZWU0Y2M5MjViODg=|40c2668f18e96aa68729e5db8fff0cb7bcd2353b0dbed2239d8ad0255b838c51"',
)
[ info ] [ PARAM ] array (
)
[ info ] [ RUN ] app\index\controller\Index->huodong[ F:\wamp64\www\Alumni-Information-Management-System\thinkphp\application\index\controller\Index.php ]
[ info ] [ VIEW ] F:\wamp64\www\Alumni-Information-Management-System\thinkphp\public/../application/index\view\index\huodong.html [ array (
) ]
[ info ] [ SESSION ] INIT array (
  'id' => '',
  'var_session_id' => '',
  'prefix' => 'think',
  'type' => '',
  'auto_start' => true,
)
[ info ] [ LOG ] INIT File
---------------------------------------------------------------
[ 2018-04-26T01:18:59+08:00 ] 0.0.0.0 GET /Alumni-Information-Management-System/thinkphp/public/index/index/huodong.html
[ info ] localhost/Alumni-Information-Management-System/thinkphp/public/index/index/huodong.html [运行时间：0.057468s][吞吐率：17.40req/s] [内存消耗：2,691.60kb] [文件加载：39]
[ info ] [ LANG ] F:\wamp64\www\Alumni-Information-Management-System\thinkphp\thinkphp\lang\zh-cn.php
[ info ] [ ROUTE ] array (
  'type' => 'module',
  'module' => 
  array (
    0 => 'index',
    1 => 'index',
    2 => 'huodong',
  ),
)
[ info ] [ HEADER ] array (
  'host' => 'localhost',
  'connection' => 'keep-alive',
  'cache-control' => 'max-age=0',
  'upgrade-insecure-requests' => '1',
  'user-agent' => 'Mozilla/5.0 (Windows NT 10.0; WOW64) AppleWebKit/537.36 (KHTML, like Gecko) Chrome/64.0.3282.140 Safari/537.36',
  'accept' => 'text/html,application/xhtml+xml,application/xml;q=0.9,image/webp,image/apng,*/*;q=0.8',
  'referer' => 'http://localhost/Alumni-Information-Management-System/thinkphp/public/index/index/info.html',
  'accept-encoding' => 'gzip, deflate, br',
  'accept-language' => 'zh-CN,zh;q=0.9',
  'cookie' => 'thinkphp_show_page_trace=0|0; Pycharm-3c27b255=758644e6-66a7-43ac-a1e6-b5cf90d41d40; Phpstorm-2ff07fb5=a9cc260e-76e5-4e5a-b424-27dbba5d00a9; pgv_pvi=2786627584; Webstorm-91e85a91=b3456f5f-9874-464a-ace1-4c3dad1a9282; style=blue; Pycharm-fbffa496=bfd583b2-c7f9-47f9-89d1-9cf84c4df33f; _xsrf=2|4d943906|0e287e338fb404366ab6d915c255845f|1522329368; PHPSESSID=2sbqdj86thdu7umaab5tuonsu7; username-localhost-8888="2|1:0|10:1524571512|23:username-localhost-8888|44:YzNiNzIwMGRkYzYxNDljYWE4OGZhZWU0Y2M5MjViODg=|40c2668f18e96aa68729e5db8fff0cb7bcd2353b0dbed2239d8ad0255b838c51"',
)
[ info ] [ PARAM ] array (
)
[ info ] [ RUN ] app\index\controller\Index->huodong[ F:\wamp64\www\Alumni-Information-Management-System\thinkphp\application\index\controller\Index.php ]
[ info ] [ VIEW ] F:\wamp64\www\Alumni-Information-Management-System\thinkphp\public/../application/index\view\index\huodong.html [ array (
) ]
[ info ] [ SESSION ] INIT array (
  'id' => '',
  'var_session_id' => '',
  'prefix' => 'think',
  'type' => '',
  'auto_start' => true,
)
[ info ] [ LOG ] INIT File
---------------------------------------------------------------
[ 2018-04-26T01:19:00+08:00 ] 0.0.0.0 GET /Alumni-Information-Management-System/thinkphp/public/index/index/huodong.html
[ info ] localhost/Alumni-Information-Management-System/thinkphp/public/index/index/huodong.html [运行时间：0.044940s][吞吐率：22.25req/s] [内存消耗：2,691.60kb] [文件加载：39]
[ info ] [ LANG ] F:\wamp64\www\Alumni-Information-Management-System\thinkphp\thinkphp\lang\zh-cn.php
[ info ] [ ROUTE ] array (
  'type' => 'module',
  'module' => 
  array (
    0 => 'index',
    1 => 'index',
    2 => 'huodong',
  ),
)
[ info ] [ HEADER ] array (
  'host' => 'localhost',
  'connection' => 'keep-alive',
  'cache-control' => 'max-age=0',
  'upgrade-insecure-requests' => '1',
  'user-agent' => 'Mozilla/5.0 (Windows NT 10.0; WOW64) AppleWebKit/537.36 (KHTML, like Gecko) Chrome/64.0.3282.140 Safari/537.36',
  'accept' => 'text/html,application/xhtml+xml,application/xml;q=0.9,image/webp,image/apng,*/*;q=0.8',
  'referer' => 'http://localhost/Alumni-Information-Management-System/thinkphp/public/index/index/info.html',
  'accept-encoding' => 'gzip, deflate, br',
  'accept-language' => 'zh-CN,zh;q=0.9',
  'cookie' => 'thinkphp_show_page_trace=0|0; Pycharm-3c27b255=758644e6-66a7-43ac-a1e6-b5cf90d41d40; Phpstorm-2ff07fb5=a9cc260e-76e5-4e5a-b424-27dbba5d00a9; pgv_pvi=2786627584; Webstorm-91e85a91=b3456f5f-9874-464a-ace1-4c3dad1a9282; style=blue; Pycharm-fbffa496=bfd583b2-c7f9-47f9-89d1-9cf84c4df33f; _xsrf=2|4d943906|0e287e338fb404366ab6d915c255845f|1522329368; PHPSESSID=2sbqdj86thdu7umaab5tuonsu7; username-localhost-8888="2|1:0|10:1524571512|23:username-localhost-8888|44:YzNiNzIwMGRkYzYxNDljYWE4OGZhZWU0Y2M5MjViODg=|40c2668f18e96aa68729e5db8fff0cb7bcd2353b0dbed2239d8ad0255b838c51"',
)
[ info ] [ PARAM ] array (
)
[ info ] [ RUN ] app\index\controller\Index->huodong[ F:\wamp64\www\Alumni-Information-Management-System\thinkphp\application\index\controller\Index.php ]
[ info ] [ VIEW ] F:\wamp64\www\Alumni-Information-Management-System\thinkphp\public/../application/index\view\index\huodong.html [ array (
) ]
[ info ] [ SESSION ] INIT array (
  'id' => '',
  'var_session_id' => '',
  'prefix' => 'think',
  'type' => '',
  'auto_start' => true,
)
[ info ] [ LOG ] INIT File
---------------------------------------------------------------
[ 2018-04-26T01:19:22+08:00 ] 0.0.0.0 GET /Alumni-Information-Management-System/thinkphp/public/index/index/huodong.html
[ info ] localhost/Alumni-Information-Management-System/thinkphp/public/index/index/huodong.html [运行时间：0.049919s][吞吐率：20.03req/s] [内存消耗：2,949.06kb] [文件加载：41]
[ info ] [ LANG ] F:\wamp64\www\Alumni-Information-Management-System\thinkphp\thinkphp\lang\zh-cn.php
[ info ] [ ROUTE ] array (
  'type' => 'module',
  'module' => 
  array (
    0 => 'index',
    1 => 'index',
    2 => 'huodong',
  ),
)
[ info ] [ HEADER ] array (
  'host' => 'localhost',
  'connection' => 'keep-alive',
  'cache-control' => 'max-age=0',
  'upgrade-insecure-requests' => '1',
  'user-agent' => 'Mozilla/5.0 (Windows NT 10.0; WOW64) AppleWebKit/537.36 (KHTML, like Gecko) Chrome/64.0.3282.140 Safari/537.36',
  'accept' => 'text/html,application/xhtml+xml,application/xml;q=0.9,image/webp,image/apng,*/*;q=0.8',
  'referer' => 'http://localhost/Alumni-Information-Management-System/thinkphp/public/index/index/info.html',
  'accept-encoding' => 'gzip, deflate, br',
  'accept-language' => 'zh-CN,zh;q=0.9',
  'cookie' => 'thinkphp_show_page_trace=0|0; Pycharm-3c27b255=758644e6-66a7-43ac-a1e6-b5cf90d41d40; Phpstorm-2ff07fb5=a9cc260e-76e5-4e5a-b424-27dbba5d00a9; pgv_pvi=2786627584; Webstorm-91e85a91=b3456f5f-9874-464a-ace1-4c3dad1a9282; style=blue; Pycharm-fbffa496=bfd583b2-c7f9-47f9-89d1-9cf84c4df33f; _xsrf=2|4d943906|0e287e338fb404366ab6d915c255845f|1522329368; PHPSESSID=2sbqdj86thdu7umaab5tuonsu7; username-localhost-8888="2|1:0|10:1524571512|23:username-localhost-8888|44:YzNiNzIwMGRkYzYxNDljYWE4OGZhZWU0Y2M5MjViODg=|40c2668f18e96aa68729e5db8fff0cb7bcd2353b0dbed2239d8ad0255b838c51"',
)
[ info ] [ PARAM ] array (
)
[ info ] [ RUN ] app\index\controller\Index->huodong[ F:\wamp64\www\Alumni-Information-Management-System\thinkphp\application\index\controller\Index.php ]
[ info ] [ VIEW ] F:\wamp64\www\Alumni-Information-Management-System\thinkphp\public/../application/index\view\index\huodong.html [ array (
) ]
[ info ] [ SESSION ] INIT array (
  'id' => '',
  'var_session_id' => '',
  'prefix' => 'think',
  'type' => '',
  'auto_start' => true,
)
[ info ] [ LOG ] INIT File
---------------------------------------------------------------
[ 2018-04-26T20:18:42+08:00 ] 0.0.0.0 GET /Alumni-Information-Management-System/thinkphp/public/index/index/logout.html
[ info ] localhost/Alumni-Information-Management-System/thinkphp/public/index/index/logout.html [运行时间：0.087934s][吞吐率：11.37req/s] [内存消耗：4,203.63kb] [文件加载：46]
[ info ] [ LANG ] F:\wamp64\www\Alumni-Information-Management-System\thinkphp\thinkphp\lang\zh-cn.php
[ info ] [ ROUTE ] array (
  'type' => 'module',
  'module' => 
  array (
    0 => 'index',
    1 => 'index',
    2 => 'logout',
  ),
)
[ info ] [ HEADER ] array (
  'host' => 'localhost',
  'connection' => 'keep-alive',
  'upgrade-insecure-requests' => '1',
  'user-agent' => 'Mozilla/5.0 (Windows NT 10.0; WOW64) AppleWebKit/537.36 (KHTML, like Gecko) Chrome/64.0.3282.140 Safari/537.36',
  'accept' => 'text/html,application/xhtml+xml,application/xml;q=0.9,image/webp,image/apng,*/*;q=0.8',
  'referer' => 'http://localhost/Alumni-Information-Management-System/thinkphp/public/index/index/huodong.html',
  'accept-encoding' => 'gzip, deflate, br',
  'accept-language' => 'zh-CN,zh;q=0.9',
  'cookie' => 'thinkphp_show_page_trace=0|0; Pycharm-3c27b255=758644e6-66a7-43ac-a1e6-b5cf90d41d40; Phpstorm-2ff07fb5=a9cc260e-76e5-4e5a-b424-27dbba5d00a9; pgv_pvi=2786627584; Webstorm-91e85a91=b3456f5f-9874-464a-ace1-4c3dad1a9282; style=blue; Pycharm-fbffa496=bfd583b2-c7f9-47f9-89d1-9cf84c4df33f; _xsrf=2|4d943906|0e287e338fb404366ab6d915c255845f|1522329368; PHPSESSID=2sbqdj86thdu7umaab5tuonsu7; username-localhost-8888="2|1:0|10:1524571512|23:username-localhost-8888|44:YzNiNzIwMGRkYzYxNDljYWE4OGZhZWU0Y2M5MjViODg=|40c2668f18e96aa68729e5db8fff0cb7bcd2353b0dbed2239d8ad0255b838c51"',
)
[ info ] [ PARAM ] array (
)
[ info ] [ RUN ] app\index\controller\Index->logout[ F:\wamp64\www\Alumni-Information-Management-System\thinkphp\application\index\controller\Index.php ]
[ info ] [ DB ] INIT mysql
[ info ] [ SESSION ] INIT array (
  'id' => '',
  'var_session_id' => '',
  'prefix' => 'think',
  'type' => '',
  'auto_start' => true,
)
[ info ] [ VIEW ] F:\wamp64\www\Alumni-Information-Management-System\thinkphp\public/../application/index\view\index\loadpage.html [ array (
) ]
[ info ] [ LOG ] INIT File
